<?xml version="1.0" encoding="UTF-8"?>
<!-- Generated by org.testng.reporters.JUnitReportReporter -->
<testsuite hostname="DESKTOP-C3T8P9A" failures="0" tests="1" name="sample.jijo.testfiledownloadfirefox" time="14.532" errors="0" timestamp="2022-07-23T23:56:28 IST" skipped="0">
  <testcase classname="sample.jijo.testfiledownloadfirefox" name="downloadfirefox" time="14.532"/>
  <system-out/>
</testsuite> <!-- sample.jijo.testfiledownloadfirefox -->
