<?xml version="1.0" encoding="UTF-8"?>
<!-- Generated by org.testng.reporters.JUnitReportReporter -->
<testsuite hostname="DESKTOP-C3T8P9A" failures="0" tests="1" name="sample.jijo.testaction1" time="54.585" errors="0" timestamp="2022-07-23T23:06:18 IST" skipped="0">
  <testcase classname="sample.jijo.testaction1" name="action1" time="54.585"/>
  <system-out/>
</testsuite> <!-- sample.jijo.testaction1 -->
