<?xml version="1.0" encoding="UTF-8"?>
<!-- Generated by org.testng.reporters.JUnitReportReporter -->
<testsuite hostname="DESKTOP-C3T8P9A" failures="0" tests="1" name="com.learnautomation.testcases.TestcaseWithoutFramework" time="10.945" errors="0" timestamp="2022-08-03T11:49:14 IST" skipped="0">
  <testcase classname="com.learnautomation.testcases.TestcaseWithoutFramework" name="test1" time="10.945"/>
  <system-out/>
</testsuite> <!-- com.learnautomation.testcases.TestcaseWithoutFramework -->
