<?xml version="1.0" encoding="UTF-8"?>
<!-- Generated by org.testng.reporters.JUnitReportReporter -->
<testsuite hostname="DESKTOP-C3T8P9A" failures="0" tests="1" name="maven_jijopeter.testcasesample" time="0.009" errors="0" timestamp="2022-07-22T15:36:00 IST" skipped="0">
  <testcase classname="maven_jijopeter.testcasesample" name="sample" time="0.009"/>
  <system-out/>
</testsuite> <!-- maven_jijopeter.testcasesample -->
