<?xml version="1.0" encoding="UTF-8"?>
<!-- Generated by org.testng.reporters.JUnitReportReporter -->
<testsuite hostname="DESKTOP-C3T8P9A" failures="0" tests="1" name="com.learnautomation.testcases.LoginTestPRESS" time="8.007" errors="0" timestamp="2022-08-03T17:09:56 IST" skipped="0">
  <testcase classname="com.learnautomation.testcases.LoginTestPRESS" name="loginAPP" time="8.007"/>
  <system-out/>
</testsuite> <!-- com.learnautomation.testcases.LoginTestPRESS -->
