<?xml version="1.0" encoding="UTF-8"?>
<!-- Generated by org.testng.reporters.JUnitReportReporter -->
<testsuite hostname="DESKTOP-C3T8P9A" failures="0" tests="1" name="sample.jijo.testrightclick" time="12.086" errors="0" timestamp="2022-07-23T23:06:18 IST" skipped="0">
  <testcase classname="sample.jijo.testrightclick" name="rightclick" time="12.086"/>
  <system-out/>
</testsuite> <!-- sample.jijo.testrightclick -->
