<?xml version="1.0" encoding="UTF-8"?>
<!-- Generated by org.testng.reporters.JUnitReportReporter -->
<testsuite hostname="DESKTOP-C3T8P9A" failures="0" tests="1" name="sample.jijo.testdoubleclick" time="9.444" errors="0" timestamp="2022-07-23T23:06:18 IST" skipped="0">
  <testcase classname="sample.jijo.testdoubleclick" name="doubleclick" time="9.444"/>
  <system-out/>
</testsuite> <!-- sample.jijo.testdoubleclick -->
