<?xml version="1.0" encoding="UTF-8"?>
<!-- Generated by org.testng.reporters.JUnitReportReporter -->
<testsuite hostname="DESKTOP-C3T8P9A" failures="0" tests="2" name="sample.jijo.AppTest" time="0.027" errors="0" timestamp="2022-08-01T12:26:38 IST" skipped="0">
  <testcase classname="sample.jijo.AppTest" name="testlogin2" time="0.001"/>
  <system-out/>
  <testcase classname="sample.jijo.AppTest" name="testlogin1" time="0.026"/>
  <system-out/>
</testsuite> <!-- sample.jijo.AppTest -->
