<?xml version="1.0" encoding="UTF-8"?>
<!-- Generated by org.testng.reporters.JUnitReportReporter -->
<testsuite hostname="DESKTOP-C3T8P9A" failures="0" tests="1" name="sample.jijo.testfiledownloadfirefox2" time="22.965" errors="0" timestamp="2022-07-24T00:00:57 IST" skipped="0">
  <testcase classname="sample.jijo.testfiledownloadfirefox2" name="filedownloadfirefox2" time="22.965"/>
  <system-out/>
</testsuite> <!-- sample.jijo.testfiledownloadfirefox2 -->
