<?xml version="1.0" encoding="UTF-8"?>
<!-- Generated by org.testng.reporters.JUnitReportReporter -->
<testsuite hostname="DESKTOP-C3T8P9A" failures="0" tests="1" name="datadrivent.readdatafromexcel" time="0.833" errors="0" timestamp="2022-08-01T11:44:19 IST" skipped="0">
  <testcase classname="datadrivent.readdatafromexcel" name="readexcel" time="0.833"/>
  <system-out/>
</testsuite> <!-- datadrivent.readdatafromexcel -->
