<?xml version="1.0" encoding="UTF-8"?>
<!-- Generated by org.testng.reporters.JUnitReportReporter -->
<testsuite hostname="DESKTOP-C3T8P9A" failures="0" tests="1" name="sample.jijo.testfiledownloadedge" time="14.964" errors="0" timestamp="2022-08-01T20:47:23 IST" skipped="0">
  <testcase classname="sample.jijo.testfiledownloadedge" name="downloadfirefox" time="14.964"/>
  <system-out/>
</testsuite> <!-- sample.jijo.testfiledownloadedge -->
